0 info it worked if it ends with ok
1 verbose cli [ 'node', '/usr/local/bin/npm', 'run', 'dev' ]
2 info using npm@2.7.4
3 info using node@v0.12.2
4 verbose run-script [ 'predev', 'dev', 'postdev' ]
5 info predev base@
6 verbose unsafe-perm in lifecycle true
7 info dev base@
8 verbose unsafe-perm in lifecycle true
9 info base@ Failed to exec dev script
10 verbose stack Error: base@ dev: `npm run sass & npm run js`
10 verbose stack Exit status 1
10 verbose stack     at EventEmitter.<anonymous> (/usr/local/lib/node_modules/npm/lib/utils/lifecycle.js:213:16)
10 verbose stack     at EventEmitter.emit (events.js:110:17)
10 verbose stack     at ChildProcess.<anonymous> (/usr/local/lib/node_modules/npm/lib/utils/spawn.js:14:12)
10 verbose stack     at ChildProcess.emit (events.js:110:17)
10 verbose stack     at maybeClose (child_process.js:1015:16)
10 verbose stack     at Process.ChildProcess._handle.onexit (child_process.js:1087:5)
11 verbose pkgid base@
12 verbose cwd /Users/jacob/Work/GRO001 - GrowthEngineMedia/ENV001 - EnvoyNetworks.ca/website/deploy/public_html
13 error Darwin 14.1.1
14 error argv "node" "/usr/local/bin/npm" "run" "dev"
15 error node v0.12.2
16 error npm  v2.7.4
17 error code ELIFECYCLE
18 error base@ dev: `npm run sass & npm run js`
18 error Exit status 1
19 error Failed at the base@ dev script 'npm run sass & npm run js'.
19 error This is most likely a problem with the base package,
19 error not with npm itself.
19 error Tell the author that this fails on your system:
19 error     npm run sass & npm run js
19 error You can get their info via:
19 error     npm owner ls base
19 error There is likely additional logging output above.
20 verbose exit [ 1, true ]
